<?xml version="1.0" encoding="UTF-8"?>
<!-- Generated by org.testng.reporters.JUnitReportReporter -->
<testsuite hostname="TMP648-G3-M" failures="0" tests="4" name="dayone.WeatherAPI" time="2.795" errors="0" timestamp="07 Oct 2021 13:29:50 GMT" skipped="2">
  <testcase classname="dayone.WeatherAPI" name="getWeather4" time="0.406"/>
  <testcase classname="dayone.WeatherAPI" name="getWeather3" time="2.389"/>
  <testcase classname="dayone.WeatherAPI" name="getWeather2">
    <skipped/>
  </testcase> <!-- getWeather2 -->
  <testcase classname="dayone.WeatherAPI" name="getWeather1">
    <skipped/>
  </testcase> <!-- getWeather1 -->
</testsuite> <!-- dayone.WeatherAPI -->
