<?xml version="1.0" encoding="UTF-8"?>
<!-- Generated by org.testng.reporters.JUnitReportReporter -->
<testsuite hostname="TMP648-G3-M" failures="0" tests="2" name="dayTwo.GitHub" time="1.724" errors="0" timestamp="08 Oct 2021 10:00:20 GMT" skipped="1">
  <testcase classname="dayTwo.GitHub" name="gettingAllRepositories" time="1.724"/>
  <testcase classname="dayTwo.GitHub" name="createRepositories">
    <skipped/>
  </testcase> <!-- createRepositories -->
</testsuite> <!-- dayTwo.GitHub -->
