<?xml version="1.0" encoding="UTF-8"?>
<!-- Generated by org.testng.reporters.JUnitReportReporter -->
<testsuite hostname="TMP648-G3-M" failures="0" tests="8" name="dayTwo.PositiveContactListTest" time="2.737" errors="0" timestamp="08 Oct 2021 06:25:08 GMT" skipped="7">
  <testcase classname="dayTwo.PositiveContactListTest" name="getContact3" time="2.737"/>
  <testcase classname="dayTwo.PositiveContactListTest" name="getSpecificContact2">
    <skipped/>
  </testcase> <!-- getSpecificContact2 -->
  <testcase classname="dayTwo.PositiveContactListTest" name="getSpecificContact">
    <skipped/>
  </testcase> <!-- getSpecificContact -->
  <testcase classname="dayTwo.PositiveContactListTest" name="UpdatingContact">
    <skipped/>
  </testcase> <!-- UpdatingContact -->
  <testcase classname="dayTwo.PositiveContactListTest" name="getSpecificContact3">
    <skipped/>
  </testcase> <!-- getSpecificContact3 -->
  <testcase classname="dayTwo.PositiveContactListTest" name="deleteContact">
    <skipped/>
  </testcase> <!-- deleteContact -->
  <testcase classname="dayTwo.PositiveContactListTest" name="getContactListInfo">
    <skipped/>
  </testcase> <!-- getContactListInfo -->
  <testcase classname="dayTwo.PositiveContactListTest" name="addingContact">
    <skipped/>
  </testcase> <!-- addingContact -->
</testsuite> <!-- dayTwo.PositiveContactListTest -->
