<?xml version="1.0" encoding="UTF-8"?>
<!-- Generated by org.testng.reporters.JUnitReportReporter -->
<testsuite hostname="TMP648-G3-M" failures="0" tests="5" name="dayTwo.NegativeContactListTest" time="6.942" errors="0" timestamp="11 Oct 2021 04:34:09 GMT" skipped="4">
  <testcase classname="dayTwo.NegativeContactListTest" name="notInProperFormat" time="6.942"/>
  <testcase classname="dayTwo.NegativeContactListTest" name="recordNotFound">
    <skipped/>
  </testcase> <!-- recordNotFound -->
  <testcase classname="dayTwo.NegativeContactListTest" name="UpdatingContact">
    <skipped/>
  </testcase> <!-- UpdatingContact -->
  <testcase classname="dayTwo.NegativeContactListTest" name="UpdatingContact2">
    <skipped/>
  </testcase> <!-- UpdatingContact2 -->
  <testcase classname="dayTwo.NegativeContactListTest" name="InvalidFirstName">
    <skipped/>
  </testcase> <!-- InvalidFirstName -->
</testsuite> <!-- dayTwo.NegativeContactListTest -->
