<?xml version="1.0" encoding="UTF-8"?>
<!-- Generated by org.testng.reporters.JUnitReportReporter -->
<testsuite hostname="TMP648-G3-M" failures="0" tests="2" name="dayone.NewTest" time="0.017" errors="0" timestamp="12 Oct 2021 09:55:38 GMT" skipped="0">
  <testcase classname="dayone.NewTest" name="f" time="0.015"/>
  <testcase classname="dayone.NewTest" name="t" time="0.002"/>
</testsuite> <!-- dayone.NewTest -->
